10:55:42.565 DEBUG [main] com.meizu.simplify.utils.ClassUtils - 开始获取[/E:/workspace/simplify-framework/ioc/target/test-classes/com/meizu]中的类名...
10:55:42.570 DEBUG [main] com.meizu.simplify.utils.ClassUtils - 开始获取[/E:/workspace/simplify-framework/ioc/target/classes/com/meizu]中的类名...
10:55:42.572 DEBUG [main] com.meizu.simplify.utils.ClassUtils - 开始获取[/E:/workspace/simplify-framework/utils/target/classes/com/meizu]中的类名...
10:55:42.581 INFO  [main] com.meizu.simplify.ioc.Startup - resolver invoke:com.meizu.simplify.ioc.resolver.BeanAnnotationResolver
10:55:42.582 DEBUG [main] com.meizu.simplify.utils.ClassUtils - 开始获取[/E:/workspace/simplify-framework/ioc/target/test-classes/com/meizu]中的类名...
10:55:42.584 DEBUG [main] com.meizu.simplify.utils.ClassUtils - 开始获取[/E:/workspace/simplify-framework/ioc/target/classes/com/meizu]中的类名...
10:55:42.585 DEBUG [main] com.meizu.simplify.utils.ClassUtils - 开始获取[/E:/workspace/simplify-framework/utils/target/classes/com/meizu]中的类名...
10:55:42.589 INFO  [main] com.meizu.simplify.ioc.resolver.BeanAnnotationResolver - Bean init:com.meizu.simplify.ioc.dao.Dao
10:55:42.589 DEBUG [main] com.meizu.simplify.utils.ClassUtils - 开始获取[/E:/workspace/simplify-framework/ioc/target/test-classes/com/meizu]中的类名...
10:55:42.590 DEBUG [main] com.meizu.simplify.utils.ClassUtils - 开始获取[/E:/workspace/simplify-framework/ioc/target/classes/com/meizu]中的类名...
10:55:42.591 DEBUG [main] com.meizu.simplify.utils.ClassUtils - 开始获取[/E:/workspace/simplify-framework/utils/target/classes/com/meizu]中的类名...
10:55:42.592 DEBUG [main] com.meizu.simplify.ioc.BeanContainer - 成功添加bean实例到容器中:com.meizu.simplify.ioc.dao.Dao@1efbd816
10:55:42.593 DEBUG [main] com.meizu.simplify.ioc.BeanContainer - 成功添加bean实例到容器中:com.meizu.simplify.ioc.dao.Dao@6a2bcfcb
10:55:42.593 INFO  [main] com.meizu.simplify.ioc.resolver.BeanAnnotationResolver - Bean init:com.meizu.simplify.ioc.service.DemoService
10:55:42.593 DEBUG [main] com.meizu.simplify.ioc.BeanContainer - 成功添加bean实例到容器中:com.meizu.simplify.ioc.service.DemoService@4de8b406
10:55:42.593 INFO  [main] com.meizu.simplify.ioc.resolver.BeanAnnotationResolver - Bean init:com.meizu.simplify.ioc.service.TestService
10:55:42.593 DEBUG [main] com.meizu.simplify.ioc.BeanContainer - 成功添加bean实例到容器中:com.meizu.simplify.ioc.service.TestService@3c756e4d
10:55:42.593 INFO  [main] com.meizu.simplify.ioc.Startup - resolver invoke:com.meizu.simplify.ioc.resolver.IocAnnotationResolver
10:55:42.594 DEBUG [main] com.meizu.simplify.utils.ClassUtils - 开始获取[/E:/workspace/simplify-framework/ioc/target/test-classes/com/meizu]中的类名...
10:55:42.595 DEBUG [main] com.meizu.simplify.utils.ClassUtils - 开始获取[/E:/workspace/simplify-framework/ioc/target/classes/com/meizu]中的类名...
10:55:42.597 DEBUG [main] com.meizu.simplify.utils.ClassUtils - 开始获取[/E:/workspace/simplify-framework/utils/target/classes/com/meizu]中的类名...
10:55:42.598 DEBUG [main] com.meizu.simplify.ioc.resolver.IocAnnotationResolver - IOC init: com.meizu.simplify.ioc.service.TestService[com.meizu.simplify.ioc.service.IDemoService:demoService]
10:59:24.070 DEBUG [main] com.meizu.simplify.utils.ClassUtils - 开始获取[/E:/workspace/simplify-framework/ioc/target/test-classes/com/meizu]中的类名...
10:59:24.077 DEBUG [main] com.meizu.simplify.utils.ClassUtils - 开始获取[/E:/workspace/simplify-framework/ioc/target/classes/com/meizu]中的类名...
10:59:24.079 DEBUG [main] com.meizu.simplify.utils.ClassUtils - 开始获取[/E:/workspace/simplify-framework/utils/target/classes/com/meizu]中的类名...
10:59:24.093 INFO  [main] com.meizu.simplify.ioc.Startup - resolver invoke:com.meizu.simplify.ioc.resolver.BeanAnnotationResolver
10:59:24.094 DEBUG [main] com.meizu.simplify.utils.ClassUtils - 开始获取[/E:/workspace/simplify-framework/ioc/target/test-classes/com/meizu]中的类名...
10:59:24.096 DEBUG [main] com.meizu.simplify.utils.ClassUtils - 开始获取[/E:/workspace/simplify-framework/ioc/target/classes/com/meizu]中的类名...
10:59:24.098 DEBUG [main] com.meizu.simplify.utils.ClassUtils - 开始获取[/E:/workspace/simplify-framework/utils/target/classes/com/meizu]中的类名...
10:59:24.104 INFO  [main] com.meizu.simplify.ioc.resolver.BeanAnnotationResolver - Bean init:com.meizu.simplify.ioc.dao.Dao
10:59:24.104 DEBUG [main] com.meizu.simplify.utils.ClassUtils - 开始获取[/E:/workspace/simplify-framework/ioc/target/test-classes/com/meizu]中的类名...
10:59:24.106 DEBUG [main] com.meizu.simplify.utils.ClassUtils - 开始获取[/E:/workspace/simplify-framework/ioc/target/classes/com/meizu]中的类名...
10:59:24.108 DEBUG [main] com.meizu.simplify.utils.ClassUtils - 开始获取[/E:/workspace/simplify-framework/utils/target/classes/com/meizu]中的类名...
10:59:24.110 DEBUG [main] com.meizu.simplify.ioc.BeanContainer - 成功添加bean实例到容器中:com.meizu.simplify.ioc.dao.Dao@1efbd816
10:59:24.110 DEBUG [main] com.meizu.simplify.ioc.BeanContainer - 成功添加bean实例到容器中:com.meizu.simplify.ioc.dao.Dao@6a2bcfcb
10:59:24.110 INFO  [main] com.meizu.simplify.ioc.resolver.BeanAnnotationResolver - Bean init:com.meizu.simplify.ioc.service.DemoService
10:59:24.110 DEBUG [main] com.meizu.simplify.ioc.BeanContainer - 成功添加bean实例到容器中:com.meizu.simplify.ioc.service.DemoService@4de8b406
10:59:24.110 INFO  [main] com.meizu.simplify.ioc.resolver.BeanAnnotationResolver - Bean init:com.meizu.simplify.ioc.service.TestService
10:59:24.111 DEBUG [main] com.meizu.simplify.ioc.BeanContainer - 成功添加bean实例到容器中:com.meizu.simplify.ioc.service.TestService@3c756e4d
10:59:24.111 INFO  [main] com.meizu.simplify.ioc.Startup - resolver invoke:com.meizu.simplify.ioc.resolver.IocAnnotationResolver
10:59:24.113 DEBUG [main] com.meizu.simplify.utils.ClassUtils - 开始获取[/E:/workspace/simplify-framework/ioc/target/test-classes/com/meizu]中的类名...
10:59:24.114 DEBUG [main] com.meizu.simplify.utils.ClassUtils - 开始获取[/E:/workspace/simplify-framework/ioc/target/classes/com/meizu]中的类名...
10:59:24.116 DEBUG [main] com.meizu.simplify.utils.ClassUtils - 开始获取[/E:/workspace/simplify-framework/utils/target/classes/com/meizu]中的类名...
10:59:24.119 DEBUG [main] com.meizu.simplify.ioc.resolver.IocAnnotationResolver - IOC init: com.meizu.simplify.ioc.service.TestService[com.meizu.simplify.ioc.service.IDemoService:demoService]
11:02:54.089 DEBUG [main] com.meizu.simplify.utils.ClassUtils - 开始获取[/E:/workspace/simplify-framework/ioc/target/test-classes/com/meizu]中的类名...
11:02:54.094 DEBUG [main] com.meizu.simplify.utils.ClassUtils - 开始获取[/E:/workspace/simplify-framework/ioc/target/classes/com/meizu]中的类名...
11:02:54.096 DEBUG [main] com.meizu.simplify.utils.ClassUtils - 开始获取[/E:/workspace/simplify-framework/utils/target/classes/com/meizu]中的类名...
11:02:54.106 INFO  [main] com.meizu.simplify.ioc.Startup - resolver invoke:com.meizu.simplify.ioc.resolver.BeanAnnotationResolver
11:02:54.107 DEBUG [main] com.meizu.simplify.utils.ClassUtils - 开始获取[/E:/workspace/simplify-framework/ioc/target/test-classes/com/meizu]中的类名...
11:02:54.108 DEBUG [main] com.meizu.simplify.utils.ClassUtils - 开始获取[/E:/workspace/simplify-framework/ioc/target/classes/com/meizu]中的类名...
11:02:54.109 DEBUG [main] com.meizu.simplify.utils.ClassUtils - 开始获取[/E:/workspace/simplify-framework/utils/target/classes/com/meizu]中的类名...
11:02:54.114 INFO  [main] com.meizu.simplify.ioc.resolver.BeanAnnotationResolver - Bean init:com.meizu.simplify.ioc.dao.Dao
11:02:54.114 DEBUG [main] com.meizu.simplify.utils.ClassUtils - 开始获取[/E:/workspace/simplify-framework/ioc/target/test-classes/com/meizu]中的类名...
11:02:54.115 DEBUG [main] com.meizu.simplify.utils.ClassUtils - 开始获取[/E:/workspace/simplify-framework/ioc/target/classes/com/meizu]中的类名...
11:02:54.116 DEBUG [main] com.meizu.simplify.utils.ClassUtils - 开始获取[/E:/workspace/simplify-framework/utils/target/classes/com/meizu]中的类名...
11:02:54.117 DEBUG [main] com.meizu.simplify.ioc.BeanContainer - 成功添加bean实例到容器中:com.meizu.simplify.ioc.dao.Dao@1efbd816
11:02:54.118 DEBUG [main] com.meizu.simplify.ioc.BeanContainer - 成功添加bean实例到容器中:com.meizu.simplify.ioc.dao.Dao@6a2bcfcb
11:02:54.118 INFO  [main] com.meizu.simplify.ioc.resolver.BeanAnnotationResolver - Bean init:com.meizu.simplify.ioc.service.DemoService
11:02:54.118 DEBUG [main] com.meizu.simplify.ioc.BeanContainer - 成功添加bean实例到容器中:com.meizu.simplify.ioc.service.DemoService@4de8b406
11:02:54.118 INFO  [main] com.meizu.simplify.ioc.resolver.BeanAnnotationResolver - Bean init:com.meizu.simplify.ioc.service.TestService
11:02:54.118 DEBUG [main] com.meizu.simplify.ioc.BeanContainer - 成功添加bean实例到容器中:com.meizu.simplify.ioc.service.TestService@3c756e4d
11:02:54.118 INFO  [main] com.meizu.simplify.ioc.Startup - resolver invoke:com.meizu.simplify.ioc.resolver.IocAnnotationResolver
11:02:54.119 DEBUG [main] com.meizu.simplify.utils.ClassUtils - 开始获取[/E:/workspace/simplify-framework/ioc/target/test-classes/com/meizu]中的类名...
11:02:54.120 DEBUG [main] com.meizu.simplify.utils.ClassUtils - 开始获取[/E:/workspace/simplify-framework/ioc/target/classes/com/meizu]中的类名...
11:02:54.122 DEBUG [main] com.meizu.simplify.utils.ClassUtils - 开始获取[/E:/workspace/simplify-framework/utils/target/classes/com/meizu]中的类名...
11:02:54.123 DEBUG [main] com.meizu.simplify.ioc.resolver.IocAnnotationResolver - IOC init: com.meizu.simplify.ioc.service.TestService[com.meizu.simplify.ioc.service.IDemoService:demoService]
11:03:15.694 DEBUG [main] com.meizu.simplify.utils.ClassUtils - 开始获取[/E:/workspace/simplify-framework/ioc/target/test-classes/com/meizu]中的类名...
11:03:15.699 DEBUG [main] com.meizu.simplify.utils.ClassUtils - 开始获取[/E:/workspace/simplify-framework/ioc/target/classes/com/meizu]中的类名...
11:03:15.701 DEBUG [main] com.meizu.simplify.utils.ClassUtils - 开始获取[/E:/workspace/simplify-framework/utils/target/classes/com/meizu]中的类名...
11:03:15.711 INFO  [main] com.meizu.simplify.ioc.Startup - resolver invoke:com.meizu.simplify.ioc.resolver.BeanAnnotationResolver
11:03:15.712 DEBUG [main] com.meizu.simplify.utils.ClassUtils - 开始获取[/E:/workspace/simplify-framework/ioc/target/test-classes/com/meizu]中的类名...
11:03:15.713 DEBUG [main] com.meizu.simplify.utils.ClassUtils - 开始获取[/E:/workspace/simplify-framework/ioc/target/classes/com/meizu]中的类名...
11:03:15.715 DEBUG [main] com.meizu.simplify.utils.ClassUtils - 开始获取[/E:/workspace/simplify-framework/utils/target/classes/com/meizu]中的类名...
11:03:15.719 INFO  [main] com.meizu.simplify.ioc.resolver.BeanAnnotationResolver - Bean init:com.meizu.simplify.ioc.dao.Dao
11:03:15.719 DEBUG [main] com.meizu.simplify.utils.ClassUtils - 开始获取[/E:/workspace/simplify-framework/ioc/target/test-classes/com/meizu]中的类名...
11:03:15.720 DEBUG [main] com.meizu.simplify.utils.ClassUtils - 开始获取[/E:/workspace/simplify-framework/ioc/target/classes/com/meizu]中的类名...
11:03:15.721 DEBUG [main] com.meizu.simplify.utils.ClassUtils - 开始获取[/E:/workspace/simplify-framework/utils/target/classes/com/meizu]中的类名...
11:03:15.723 DEBUG [main] com.meizu.simplify.ioc.BeanContainer - 成功添加bean实例到容器中:com.meizu.simplify.ioc.dao.Dao@1efbd816
11:03:15.723 DEBUG [main] com.meizu.simplify.ioc.BeanContainer - 成功添加bean实例到容器中:com.meizu.simplify.ioc.dao.Dao@6a2bcfcb
11:03:15.723 INFO  [main] com.meizu.simplify.ioc.resolver.BeanAnnotationResolver - Bean init:com.meizu.simplify.ioc.service.DemoService
11:03:15.723 DEBUG [main] com.meizu.simplify.ioc.BeanContainer - 成功添加bean实例到容器中:com.meizu.simplify.ioc.service.DemoService@4de8b406
11:03:15.723 INFO  [main] com.meizu.simplify.ioc.resolver.BeanAnnotationResolver - Bean init:com.meizu.simplify.ioc.service.TestService
11:03:15.723 DEBUG [main] com.meizu.simplify.ioc.BeanContainer - 成功添加bean实例到容器中:com.meizu.simplify.ioc.service.TestService@3c756e4d
11:03:15.723 INFO  [main] com.meizu.simplify.ioc.Startup - resolver invoke:com.meizu.simplify.ioc.resolver.IocAnnotationResolver
11:03:15.725 DEBUG [main] com.meizu.simplify.utils.ClassUtils - 开始获取[/E:/workspace/simplify-framework/ioc/target/test-classes/com/meizu]中的类名...
11:03:15.726 DEBUG [main] com.meizu.simplify.utils.ClassUtils - 开始获取[/E:/workspace/simplify-framework/ioc/target/classes/com/meizu]中的类名...
11:03:15.728 DEBUG [main] com.meizu.simplify.utils.ClassUtils - 开始获取[/E:/workspace/simplify-framework/utils/target/classes/com/meizu]中的类名...
11:03:15.729 DEBUG [main] com.meizu.simplify.ioc.resolver.IocAnnotationResolver - IOC init: com.meizu.simplify.ioc.service.TestService[com.meizu.simplify.ioc.service.IDemoService:demoService]
