[FINEST] 2016-05-26 15:46:07 com.meizu.simplify.utils.log.util.DefaultLogManager :finest
[FINEST] 2016-05-26 15:46:07 com.meizu.simplify.utils.log.util.DefaultLogManager :finest
[FINER] 2016-05-26 15:46:07 com.meizu.simplify.utils.log.util.DefaultLogManager :finer
[FINEST] 2016-05-26 15:46:07 com.meizu.simplify.utils.log.util.DefaultLogManager :finest
[FINER] 2016-05-26 15:46:07 com.meizu.simplify.utils.log.util.DefaultLogManager :finer
[FINE] 2016-05-26 15:46:07 com.meizu.simplify.utils.log.util.DefaultLogManager :fine
[FINEST] 2016-05-26 15:46:07 com.meizu.simplify.utils.log.util.DefaultLogManager :finest
[FINER] 2016-05-26 15:46:07 com.meizu.simplify.utils.log.util.DefaultLogManager :finer
[FINE] 2016-05-26 15:46:07 com.meizu.simplify.utils.log.util.DefaultLogManager :fine
[INFO] 2016-05-26 15:46:07 com.meizu.simplify.utils.log.util.DefaultLogManager :info
[FINEST] 2016-05-26 15:46:07 com.meizu.simplify.utils.log.util.DefaultLogManager :finest
[FINER] 2016-05-26 15:46:07 com.meizu.simplify.utils.log.util.DefaultLogManager :finer
[FINE] 2016-05-26 15:46:07 com.meizu.simplify.utils.log.util.DefaultLogManager :fine
[INFO] 2016-05-26 15:46:07 com.meizu.simplify.utils.log.util.DefaultLogManager :info
[CONFIG] 2016-05-26 15:46:07 com.meizu.simplify.utils.log.util.DefaultLogManager :config
[FINEST] 2016-05-26 15:46:07 com.meizu.simplify.utils.log.util.DefaultLogManager :finest
[FINER] 2016-05-26 15:46:07 com.meizu.simplify.utils.log.util.DefaultLogManager :finer
[FINE] 2016-05-26 15:46:07 com.meizu.simplify.utils.log.util.DefaultLogManager :fine
[INFO] 2016-05-26 15:46:07 com.meizu.simplify.utils.log.util.DefaultLogManager :info
[CONFIG] 2016-05-26 15:46:07 com.meizu.simplify.utils.log.util.DefaultLogManager :config
[WARNING] 2016-05-26 15:46:07 com.meizu.simplify.utils.log.util.DefaultLogManager :warning
[FINEST] 2016-05-26 15:46:07 com.meizu.simplify.utils.log.util.DefaultLogManager :finest
[FINER] 2016-05-26 15:46:07 com.meizu.simplify.utils.log.util.DefaultLogManager :finer
[FINE] 2016-05-26 15:46:07 com.meizu.simplify.utils.log.util.DefaultLogManager :fine
[INFO] 2016-05-26 15:46:07 com.meizu.simplify.utils.log.util.DefaultLogManager :info
[CONFIG] 2016-05-26 15:46:07 com.meizu.simplify.utils.log.util.DefaultLogManager :config
[WARNING] 2016-05-26 15:46:07 com.meizu.simplify.utils.log.util.DefaultLogManager :warning
[SEVERE] 2016-05-26 15:46:07 com.meizu.simplify.utils.log.util.DefaultLogManager :severe
[FINEST] 2016-05-26 16:49:47 com.meizu.simplify.utils.log.util.DefaultLogManager :finest
[FINEST] 2016-05-26 16:49:47 com.meizu.simplify.utils.log.util.DefaultLogManager :finest
[FINER] 2016-05-26 16:49:47 com.meizu.simplify.utils.log.util.DefaultLogManager :finer
[FINEST] 2016-05-26 16:49:47 com.meizu.simplify.utils.log.util.DefaultLogManager :finest
[FINER] 2016-05-26 16:49:47 com.meizu.simplify.utils.log.util.DefaultLogManager :finer
[FINE] 2016-05-26 16:49:47 com.meizu.simplify.utils.log.util.DefaultLogManager :fine
[FINEST] 2016-05-26 16:49:47 com.meizu.simplify.utils.log.util.DefaultLogManager :finest
[FINER] 2016-05-26 16:49:47 com.meizu.simplify.utils.log.util.DefaultLogManager :finer
[FINE] 2016-05-26 16:49:47 com.meizu.simplify.utils.log.util.DefaultLogManager :fine
[INFO] 2016-05-26 16:49:47 com.meizu.simplify.utils.log.util.DefaultLogManager :info
[FINEST] 2016-05-26 16:49:47 com.meizu.simplify.utils.log.util.DefaultLogManager :finest
[FINER] 2016-05-26 16:49:47 com.meizu.simplify.utils.log.util.DefaultLogManager :finer
[FINE] 2016-05-26 16:49:47 com.meizu.simplify.utils.log.util.DefaultLogManager :fine
[INFO] 2016-05-26 16:49:47 com.meizu.simplify.utils.log.util.DefaultLogManager :info
[CONFIG] 2016-05-26 16:49:47 com.meizu.simplify.utils.log.util.DefaultLogManager :config
[FINEST] 2016-05-26 16:49:47 com.meizu.simplify.utils.log.util.DefaultLogManager :finest
[FINER] 2016-05-26 16:49:47 com.meizu.simplify.utils.log.util.DefaultLogManager :finer
[FINE] 2016-05-26 16:49:47 com.meizu.simplify.utils.log.util.DefaultLogManager :fine
[INFO] 2016-05-26 16:49:47 com.meizu.simplify.utils.log.util.DefaultLogManager :info
[CONFIG] 2016-05-26 16:49:47 com.meizu.simplify.utils.log.util.DefaultLogManager :config
[WARNING] 2016-05-26 16:49:47 com.meizu.simplify.utils.log.util.DefaultLogManager :warning
[FINEST] 2016-05-26 16:49:47 com.meizu.simplify.utils.log.util.DefaultLogManager :finest
[FINER] 2016-05-26 16:49:47 com.meizu.simplify.utils.log.util.DefaultLogManager :finer
[FINE] 2016-05-26 16:49:47 com.meizu.simplify.utils.log.util.DefaultLogManager :fine
[INFO] 2016-05-26 16:49:47 com.meizu.simplify.utils.log.util.DefaultLogManager :info
[CONFIG] 2016-05-26 16:49:47 com.meizu.simplify.utils.log.util.DefaultLogManager :config
[WARNING] 2016-05-26 16:49:47 com.meizu.simplify.utils.log.util.DefaultLogManager :warning
[SEVERE] 2016-05-26 16:49:47 com.meizu.simplify.utils.log.util.DefaultLogManager :severe
