2016-04-25 17:11:17,781 - Log4JLogChute initialized using file 'velocity.log'
2016-04-25 17:11:17,781 - The version of log4j being used does not support the "trace" level.
2016-04-25 17:11:17,781 - Initializing Velocity, Calling init()...
2016-04-25 17:11:17,782 - *******************************************************************
2016-04-25 17:11:17,782 - Starting Apache Velocity v1.7 (compiled: 2010-11-19 12:14:37)
2016-04-25 17:11:17,782 - RuntimeInstance initializing.
2016-04-25 17:11:17,782 - Default Properties File: org\apache\velocity\runtime\defaults\velocity.properties
2016-04-25 17:11:17,782 - Trying to use logger class org.apache.velocity.runtime.log.AvalonLogChute
2016-04-25 17:11:17,782 - Target log system for org.apache.velocity.runtime.log.AvalonLogChute is not available (java.lang.NoClassDefFoundError: org/apache/log/format/Formatter).  Falling back to next log system...
2016-04-25 17:11:17,782 - Trying to use logger class org.apache.velocity.runtime.log.Log4JLogChute
2016-04-25 17:11:17,782 - Using logger class org.apache.velocity.runtime.log.Log4JLogChute
2016-04-25 17:11:17,783 - Default ResourceManager initializing. (class org.apache.velocity.runtime.resource.ResourceManagerImpl)
2016-04-25 17:11:17,785 - ResourceLoader instantiated: org.apache.velocity.runtime.resource.loader.FileResourceLoader
2016-04-25 17:11:17,786 - FileResourceLoader : initialization starting.
2016-04-25 17:11:17,786 - Do unicode file recognition:  false
2016-04-25 17:11:17,786 - FileResourceLoader : adding path '/E:/workspace-new/simplify-framework/demo/target/classes'
2016-04-25 17:11:17,786 - FileResourceLoader : initialization complete.
2016-04-25 17:11:17,794 - ResourceCache: initialized (class org.apache.velocity.runtime.resource.ResourceCacheImpl) with class java.util.Collections$SynchronizedMap cache map.
2016-04-25 17:11:17,794 - Default ResourceManager initialization complete.
2016-04-25 17:11:17,795 - Loaded System Directive: org.apache.velocity.runtime.directive.Stop
2016-04-25 17:11:17,796 - Loaded System Directive: org.apache.velocity.runtime.directive.Define
2016-04-25 17:11:17,796 - Loaded System Directive: org.apache.velocity.runtime.directive.Break
2016-04-25 17:11:17,797 - Loaded System Directive: org.apache.velocity.runtime.directive.Evaluate
2016-04-25 17:11:17,797 - Loaded System Directive: org.apache.velocity.runtime.directive.Literal
2016-04-25 17:11:17,798 - Loaded System Directive: org.apache.velocity.runtime.directive.Macro
2016-04-25 17:11:17,799 - Loaded System Directive: org.apache.velocity.runtime.directive.Parse
2016-04-25 17:11:17,800 - Loaded System Directive: org.apache.velocity.runtime.directive.Include
2016-04-25 17:11:17,800 - Loaded System Directive: org.apache.velocity.runtime.directive.Foreach
2016-04-25 17:11:17,800 - Loaded User Directive: com.meizu.simplify.mvc.view.function.EncryptFunctionDirective
2016-04-25 17:11:17,825 - Created '20' parsers.
2016-04-25 17:11:17,830 - Velocimacro : initialization starting.
2016-04-25 17:11:17,830 - Velocimacro : "velocimacro.library" is not set.  Trying default library: VM_global_library.vm
2016-04-25 17:11:17,830 - Velocimacro : Default library not found.
2016-04-25 17:11:17,830 - Velocimacro : allowInline = true : VMs can be defined inline in templates
2016-04-25 17:11:17,830 - Velocimacro : allowInlineToOverride = false : VMs defined inline may NOT replace previous VM definitions
2016-04-25 17:11:17,830 - Velocimacro : allowInlineLocal = false : VMs defined inline will be global in scope if allowed.
2016-04-25 17:11:17,830 - Velocimacro : autoload off : VM system will not automatically reload global library macros
2016-04-25 17:11:17,830 - Velocimacro : Velocimacro : initialization complete.
2016-04-25 17:11:17,830 - RuntimeInstance successfully initialized.
